preset=dl-a
since_utc=2026-02-12T09:04:05Z
window_sec=60
points_total=12
core_down_points=6
core_down_avg_mbps=0.003
core_down_max_mbps=0.020
core_down_min_mbps=0.000
core_down_avg_read_us=94366.1
gw_dl_points=6
gw_dl_avg_mbps=0.960
gw_dl_max_mbps=2.090
gw_dl_min_mbps=0.000
gw_dl_nonzero_points=3
gw_dl_nonzero_avg_mbps=1.920
gw_dl_avg_write_us=35.3
--- tail ---
aether-gateway-core  | 2026/02/12 17:04:45 [PERF] window=10s down{mbps=0.02 rps=72 read_us=135005.4 parse_us=2.5 dec_us=2.5} up{mbps=0.00 wps=0 build_us=0.0 write_us=0.0}
aether-gateway-core  | 2026/02/12 17:04:55 [PERF-GW] window=10s dl{mbps=2.09 writes=166 write_us=60409.4} ul{mbps=0.00 writes=48 write_us=65.9}
aether-gateway-core  | 2026/02/12 17:04:55 [PERF] window=10s down{mbps=0.00 rps=52 read_us=227219.9 parse_us=2.5 dec_us=0.0} up{mbps=0.00 wps=0 build_us=0.0 write_us=0.0}
aether-gateway-core  | 2026/02/12 17:05:05 [PERF-GW] window=10s dl{mbps=2.09 writes=165 write_us=60758.7} ul{mbps=0.00 writes=46 write_us=79.0}
aether-gateway-core  | 2026/02/12 17:05:05 [PERF] window=10s down{mbps=0.00 rps=49 read_us=203971.0 parse_us=4.3 dec_us=0.0} up{mbps=0.00 wps=0 build_us=0.0 write_us=0.0}
