preset=dl-b
since_utc=2026-02-12T09:06:14Z
window_sec=60
points_total=12
core_down_points=6
core_down_avg_mbps=0.003
core_down_max_mbps=0.010
core_down_min_mbps=0.000
core_down_avg_read_us=92072.5
gw_dl_points=6
gw_dl_avg_mbps=0.893
gw_dl_max_mbps=1.880
gw_dl_min_mbps=0.000
gw_dl_nonzero_points=3
gw_dl_nonzero_avg_mbps=1.787
gw_dl_avg_write_us=37.3
--- tail ---
aether-gateway-core  | 2026/02/12 17:06:54 [PERF] window=10s down{mbps=0.01 rps=58 read_us=152900.4 parse_us=2.4 dec_us=1.9} up{mbps=0.00 wps=0 build_us=0.0 write_us=0.0}
aether-gateway-core  | 2026/02/12 17:07:04 [PERF] window=10s down{mbps=0.01 rps=57 read_us=182200.8 parse_us=3.6 dec_us=3.6} up{mbps=0.00 wps=0 build_us=0.0 write_us=0.0}
aether-gateway-core  | 2026/02/12 17:07:04 [PERF-GW] window=10s dl{mbps=1.88 writes=193 write_us=50958.4} ul{mbps=0.01 writes=50 write_us=69.3}
aether-gateway-core  | 2026/02/12 17:07:14 [PERF-GW] window=10s dl{mbps=1.83 writes=146 write_us=68596.0} ul{mbps=0.00 writes=41 write_us=80.7}
aether-gateway-core  | 2026/02/12 17:07:14 [PERF] window=10s down{mbps=0.00 rps=46 read_us=217333.6 parse_us=8.0 dec_us=0.0} up{mbps=0.00 wps=0 build_us=0.0 write_us=0.0}
