preset=dl-c
since_utc=2026-02-12T09:08:03Z
window_sec=60
points_total=12
core_down_points=6
core_down_avg_mbps=0.003
core_down_max_mbps=0.020
core_down_min_mbps=0.000
core_down_avg_read_us=93064.3
gw_dl_points=6
gw_dl_avg_mbps=1.002
gw_dl_max_mbps=2.260
gw_dl_min_mbps=0.000
gw_dl_nonzero_points=3
gw_dl_nonzero_avg_mbps=2.003
gw_dl_avg_write_us=38.9
--- tail ---
aether-gateway-core  | 2026/02/12 17:08:43 [PERF] window=10s down{mbps=0.02 rps=58 read_us=159242.3 parse_us=7.5 dec_us=1.7} up{mbps=0.00 wps=0 build_us=0.0 write_us=0.0}
aether-gateway-core  | 2026/02/12 17:08:53 [PERF-GW] window=10s dl{mbps=1.96 writes=154 write_us=64298.6} ul{mbps=0.00 writes=39 write_us=80.6}
aether-gateway-core  | 2026/02/12 17:08:53 [PERF] window=10s down{mbps=0.00 rps=47 read_us=211818.2 parse_us=3.7 dec_us=0.0} up{mbps=0.00 wps=0 build_us=0.0 write_us=0.0}
aether-gateway-core  | 2026/02/12 17:09:03 [PERF] window=10s down{mbps=0.00 rps=52 read_us=187325.1 parse_us=2.8 dec_us=0.0} up{mbps=0.00 wps=0 build_us=0.0 write_us=0.0}
aether-gateway-core  | 2026/02/12 17:09:03 [PERF-GW] window=10s dl{mbps=2.26 writes=178 write_us=56553.0} ul{mbps=0.00 writes=44 write_us=74.6}
