preset=baseline
since_utc=2026-02-12T10:03:16Z
window_sec=60
points_total=12
core_down_points=6
core_down_avg_mbps=0.005
core_down_max_mbps=0.020
core_down_min_mbps=0.000
core_down_avg_read_us=97034.6
gw_dl_points=6
gw_dl_avg_mbps=0.820
gw_dl_max_mbps=2.040
gw_dl_min_mbps=0.000
gw_dl_nonzero_points=3
gw_dl_nonzero_avg_mbps=1.640
gw_dl_avg_write_us=42.3
--- tail ---
aether-gateway-core  | 2026/02/12 18:03:56 [PERF-GW] window=10s dl{mbps=1.54 writes=178 write_us=52202.8} ul{mbps=0.01 writes=53 write_us=79.9}
aether-gateway-core  | 2026/02/12 18:04:06 [PERF-GW] window=10s dl{mbps=2.04 writes=166 write_us=60171.4} ul{mbps=0.01 writes=50 write_us=95.9}
aether-gateway-core  | 2026/02/12 18:04:06 [PERF] window=10s down{mbps=0.01 rps=59 read_us=171699.5 parse_us=2.8 dec_us=1.5} up{mbps=0.00 wps=0 build_us=0.0 write_us=0.0}
aether-gateway-core  | 2026/02/12 18:04:16 [PERF] window=10s down{mbps=0.00 rps=39 read_us=255798.4 parse_us=2.7 dec_us=0.0} up{mbps=0.00 wps=0 build_us=0.0 write_us=0.0}
aether-gateway-core  | 2026/02/12 18:04:16 [PERF-GW] window=10s dl{mbps=1.34 writes=105 write_us=95515.6} ul{mbps=0.00 writes=30 write_us=77.9}
