preset=baseline-smooth
since_utc=2026-02-12T10:34:05Z
window_sec=60
points_total=14
core_down_points=7
core_down_avg_mbps=0.004
core_down_max_mbps=0.010
core_down_min_mbps=0.000
core_down_avg_read_us=204062.9
gw_dl_points=7
gw_dl_avg_mbps=1.340
gw_dl_max_mbps=1.770
gw_dl_min_mbps=0.000
gw_dl_nonzero_points=6
gw_dl_nonzero_avg_mbps=1.563
gw_dl_avg_write_us=68.6
gw_dl_max_nonzero_streak=6
gw_dl_is_continuous6=yes
--- tail ---
aether-gateway-core  | 2026/02/12 18:34:46 [PERF] window=10s down{mbps=0.01 rps=53 read_us=190172.7 parse_us=3.4 dec_us=2.1} up{mbps=0.00 wps=0 build_us=0.0 write_us=0.0}
aether-gateway-core  | 2026/02/12 18:34:56 [PERF-GW] window=10s dl{mbps=1.77 writes=139 write_us=71710.4} ul{mbps=0.00 writes=40 write_us=85.1}
aether-gateway-core  | 2026/02/12 18:34:56 [PERF] window=10s down{mbps=0.00 rps=55 read_us=182709.7 parse_us=3.4 dec_us=0.0} up{mbps=0.00 wps=0 build_us=0.0 write_us=0.0}
aether-gateway-core  | 2026/02/12 18:35:06 [PERF-GW] window=10s dl{mbps=1.58 writes=124 write_us=80366.5} ul{mbps=0.00 writes=35 write_us=86.6}
aether-gateway-core  | 2026/02/12 18:35:06 [PERF] window=10s down{mbps=0.00 rps=50 read_us=202703.4 parse_us=3.5 dec_us=0.0} up{mbps=0.00 wps=0 build_us=0.0 write_us=0.0}
