preset=dl-c
since_utc=2026-02-12T09:57:31Z
window_sec=60
points_total=12
core_down_points=6
core_down_avg_mbps=0.005
core_down_max_mbps=0.020
core_down_min_mbps=0.000
core_down_avg_read_us=108202.8
gw_dl_points=6
gw_dl_avg_mbps=0.650
gw_dl_max_mbps=1.620
gw_dl_min_mbps=0.000
gw_dl_nonzero_points=3
gw_dl_nonzero_avg_mbps=1.300
gw_dl_avg_write_us=39.2
--- tail ---
aether-gateway-core  | 2026/02/12 17:58:11 [PERF-GW] window=10s dl{mbps=0.77 writes=258 write_us=11058.6} ul{mbps=0.02 writes=40 write_us=89.8}
aether-gateway-core  | 2026/02/12 17:58:21 [PERF] window=10s down{mbps=0.00 rps=38 read_us=262829.9 parse_us=3.3 dec_us=0.0} up{mbps=0.00 wps=0 build_us=0.0 write_us=0.0}
aether-gateway-core  | 2026/02/12 17:58:21 [PERF-GW] window=10s dl{mbps=1.62 writes=160 write_us=62252.1} ul{mbps=0.00 writes=35 write_us=72.2}
aether-gateway-core  | 2026/02/12 17:58:31 [PERF] window=10s down{mbps=0.01 rps=41 read_us=250144.8 parse_us=3.2 dec_us=3.5} up{mbps=0.00 wps=0 build_us=0.0 write_us=0.0}
aether-gateway-core  | 2026/02/12 17:58:31 [PERF-GW] window=10s dl{mbps=1.51 writes=119 write_us=83943.1} ul{mbps=0.00 writes=36 write_us=73.5}
