preset=dl-c
since_utc=2026-02-12T09:35:22Z
window_sec=60
points_total=12
core_down_points=6
core_down_avg_mbps=0.008
core_down_max_mbps=0.030
core_down_min_mbps=0.000
core_down_avg_read_us=54788.9
gw_dl_points=6
gw_dl_avg_mbps=1.695
gw_dl_max_mbps=3.780
gw_dl_min_mbps=0.000
gw_dl_nonzero_points=3
gw_dl_nonzero_avg_mbps=3.390
gw_dl_avg_write_us=35.1
--- tail ---
aether-gateway-core  | 2026/02/12 17:36:02 [PERF-GW] window=10s dl{mbps=2.93 writes=1318 write_us=2822.5} ul{mbps=0.02 writes=100 write_us=57.8}
aether-gateway-core  | 2026/02/12 17:36:12 [PERF-GW] window=10s dl{mbps=3.78 writes=304 write_us=32903.8} ul{mbps=0.00 writes=81 write_us=73.6}
aether-gateway-core  | 2026/02/12 17:36:12 [PERF] window=10s down{mbps=0.01 rps=85 read_us=117174.2 parse_us=3.1 dec_us=0.0} up{mbps=0.00 wps=0 build_us=0.0 write_us=0.0}
aether-gateway-core  | 2026/02/12 17:36:22 [PERF-GW] window=10s dl{mbps=3.46 writes=275 write_us=36194.0} ul{mbps=0.00 writes=75 write_us=79.5}
aether-gateway-core  | 2026/02/12 17:36:22 [PERF] window=10s down{mbps=0.01 rps=79 read_us=126748.6 parse_us=3.4 dec_us=0.0} up{mbps=0.00 wps=0 build_us=0.0 write_us=0.0}
