preset=baseline
since_utc=2026-02-12T09:29:51Z
window_sec=60
points_total=14
core_down_points=7
core_down_avg_mbps=0.006
core_down_max_mbps=0.010
core_down_min_mbps=0.000
core_down_avg_read_us=119552.5
gw_dl_points=7
gw_dl_avg_mbps=2.184
gw_dl_max_mbps=3.720
gw_dl_min_mbps=0.000
gw_dl_nonzero_points=5
gw_dl_nonzero_avg_mbps=3.046
gw_dl_avg_write_us=122.8
--- tail ---
aether-gateway-core  | 2026/02/12 17:30:34 [PERF] window=10s down{mbps=0.00 rps=60 read_us=167642.6 parse_us=5.1 dec_us=0.0} up{mbps=0.00 wps=0 build_us=0.0 write_us=0.0}
aether-gateway-core  | 2026/02/12 17:30:44 [PERF-GW] window=10s dl{mbps=3.09 writes=565 write_us=13253.3} ul{mbps=0.00 writes=67 write_us=89.5}
aether-gateway-core  | 2026/02/12 17:30:44 [PERF] window=10s down{mbps=0.01 rps=69 read_us=145557.7 parse_us=3.4 dec_us=0.0} up{mbps=0.00 wps=0 build_us=0.0 write_us=0.0}
aether-gateway-core  | 2026/02/12 17:30:54 [PERF-GW] window=10s dl{mbps=3.72 writes=837 write_us=7678.5} ul{mbps=0.00 writes=81 write_us=91.4}
aether-gateway-core  | 2026/02/12 17:30:54 [PERF] window=10s down{mbps=0.01 rps=83 read_us=120155.3 parse_us=3.4 dec_us=0.0} up{mbps=0.00 wps=0 build_us=0.0 write_us=0.0}
