preset=baseline
since_utc=2026-02-12T10:26:11Z
window_sec=60
points_total=14
core_down_points=7
core_down_avg_mbps=0.003
core_down_max_mbps=0.010
core_down_min_mbps=0.000
core_down_avg_read_us=156021.6
gw_dl_points=7
gw_dl_avg_mbps=1.530
gw_dl_max_mbps=2.150
gw_dl_min_mbps=0.000
gw_dl_nonzero_points=6
gw_dl_nonzero_avg_mbps=1.785
gw_dl_avg_write_us=74.9
gw_dl_max_nonzero_streak=6
gw_dl_is_continuous6=yes
--- tail ---
aether-gateway-core  | 2026/02/12 18:27:01 [PERF] window=10s down{mbps=0.01 rps=58 read_us=175644.0 parse_us=2.9 dec_us=1.9} up{mbps=0.00 wps=0 build_us=0.0 write_us=0.0}
aether-gateway-core  | 2026/02/12 18:27:11 [PERF-GW] window=10s dl{mbps=1.85 writes=146 write_us=67999.2} ul{mbps=0.00 writes=41 write_us=77.6}
aether-gateway-core  | 2026/02/12 18:27:11 [PERF] window=10s down{mbps=0.00 rps=54 read_us=187018.1 parse_us=3.5 dec_us=0.0} up{mbps=0.00 wps=0 build_us=0.0 write_us=0.0}
aether-gateway-core  | 2026/02/12 18:27:21 [PERF] window=10s down{mbps=0.00 rps=50 read_us=196937.5 parse_us=3.2 dec_us=0.0} up{mbps=0.00 wps=0 build_us=0.0 write_us=0.0}
aether-gateway-core  | 2026/02/12 18:27:21 [PERF-GW] window=10s dl{mbps=1.68 writes=132 write_us=75958.3} ul{mbps=0.00 writes=37 write_us=130.4}
